<?xml version="1.0" encoding="UTF-8"?>
<!-- Generated by org.testng.reporters.JUnitReportReporter -->
<testsuite hostname="Bevara_Family" failures="0" tests="2" name="javaprogramming.SwapStringvalues" time="0.085" errors="0" timestamp="2023-12-30T12:30:34 EST" skipped="0">
  <testcase classname="javaprogramming.SwapStringvalues" name="arthematic" time="0.082"/>
  <testcase classname="javaprogramming.SwapStringvalues" name="swapstring" time="0.003"/>
</testsuite> <!-- javaprogramming.SwapStringvalues -->
